<?xml version="1.0" encoding="UTF-8"?>
<!-- Generated by org.testng.reporters.JUnitXMLReporter -->
<testsuite ignored="1" hostname="RetailExpress-EDanchenko" failures="0" tests="1" name="Default test" time="10.177" errors="0" timestamp="2022-12-01T17:24:30 CET">
  <testcase classname="com.herokuapp.theinternet.NegativeTests" name="IncorrectPassword" time="10.124"/>
  <testcase classname="com.herokuapp.theinternet.NegativeTests" name="IncorrectUserName" time="0.0">
    <ignored/>
  </testcase> <!-- IncorrectUserName -->
</testsuite> <!-- Default test -->
