<?xml version="1.0" encoding="UTF-8"?>
<!-- Generated by org.testng.reporters.JUnitXMLReporter -->
<testsuite ignored="0" hostname="RetailExpress-EDanchenko" failures="0" tests="2" name="NegativeTests" time="9.433" errors="0" timestamp="2022-12-01T17:24:58 CET">
  <testcase classname="com.herokuapp.theinternet.NegativeTests" name="IncorrectPassword" time="3.87"/>
  <testcase classname="com.herokuapp.theinternet.NegativeTests" name="IncorrectUserName" time="5.556"/>
</testsuite> <!-- NegativeTests -->
