<?xml version="1.0" encoding="UTF-8"?>
<testng-results ignored="0" total="1" passed="1" failed="0" skipped="0">
  <reporter-output>
  </reporter-output>
  <suite started-at="2022-12-01T12:41:37 CET" name="Surefire suite" finished-at="2022-12-01T12:41:44 CET" duration-ms="7427">
    <groups>
    </groups>
    <test started-at="2022-12-01T12:41:37 CET" name="Surefire test" finished-at="2022-12-01T12:41:44 CET" duration-ms="7427">
      <class name="com.herokuapp.theinternet.PositiveTests">
        <test-method signature="loginTest()[pri:0, instance:com.herokuapp.theinternet.PositiveTests@f8c1ddd]" started-at="2022-12-01T12:41:37 CET" name="loginTest" finished-at="2022-12-01T12:41:44 CET" duration-ms="7380" status="PASS">
          <reporter-output>
          </reporter-output>
        </test-method> <!-- loginTest -->
      </class> <!-- com.herokuapp.theinternet.PositiveTests -->
    </test> <!-- Surefire test -->
  </suite> <!-- Surefire suite -->
</testng-results>
