<?xml version="1.0" encoding="UTF-8"?>
<testng-results ignored="0" total="3" passed="3" failed="0" skipped="0">
  <reporter-output>
  </reporter-output>
  <suite started-at="2022-12-01T17:24:41 CET" name="AllTests" finished-at="2022-12-01T17:24:58 CET" duration-ms="17307">
    <groups>
    </groups>
    <test started-at="2022-12-01T17:24:41 CET" name="PositiveTests" finished-at="2022-12-01T17:24:48 CET" duration-ms="7773">
      <class name="com.herokuapp.theinternet.PositiveTests">
        <test-method signature="loginTest()[pri:0, instance:com.herokuapp.theinternet.PositiveTests@12468a38]" started-at="2022-12-01T17:24:41 CET" name="loginTest" finished-at="2022-12-01T17:24:48 CET" duration-ms="7713" status="PASS">
          <reporter-output>
          </reporter-output>
        </test-method> <!-- loginTest -->
      </class> <!-- com.herokuapp.theinternet.PositiveTests -->
    </test> <!-- PositiveTests -->
    <test started-at="2022-12-01T17:24:49 CET" name="NegativeTests" finished-at="2022-12-01T17:24:58 CET" duration-ms="9433">
      <class name="com.herokuapp.theinternet.NegativeTests">
        <test-method signature="IncorrectPassword()[pri:0, instance:com.herokuapp.theinternet.NegativeTests@4135c3b]" started-at="2022-12-01T17:24:49 CET" name="IncorrectPassword" finished-at="2022-12-01T17:24:52 CET" duration-ms="3870" status="PASS">
          <reporter-output>
          </reporter-output>
        </test-method> <!-- IncorrectPassword -->
        <test-method signature="IncorrectUserName()[pri:0, instance:com.herokuapp.theinternet.NegativeTests@4135c3b]" started-at="2022-12-01T17:24:52 CET" name="IncorrectUserName" finished-at="2022-12-01T17:24:58 CET" duration-ms="5556" status="PASS">
          <reporter-output>
          </reporter-output>
        </test-method> <!-- IncorrectUserName -->
      </class> <!-- com.herokuapp.theinternet.NegativeTests -->
    </test> <!-- NegativeTests -->
  </suite> <!-- AllTests -->
</testng-results>
